Flow report for CourseWork
Mon May 13 06:20:02 2019
Quartus II Version 9.1 Build 222 10/21/2009 SJ Web Edition


---------------------
; Table of Contents ;
---------------------
  1. Legal Notice
  2. Flow Summary
  3. Flow Settings
  4. Flow Non-Default Global Settings
  5. Flow Elapsed Time
  6. Flow OS Summary
  7. Flow Log



----------------
; Legal Notice ;
----------------
Copyright (C) 1991-2009 Altera Corporation
Your use of Altera Corporation's design tools, logic functions 
and other software and tools, and its AMPP partner logic 
functions, and any output files from any of the foregoing 
(including device programming or simulation files), and any 
associated documentation or information are expressly subject 
to the terms and conditions of the Altera Program License 
Subscription Agreement, Altera MegaCore Function License 
Agreement, or other applicable license agreement, including, 
without limitation, that your use is for the sole purpose of 
programming logic devices manufactured by Altera and sold by 
Altera or its authorized distributors.  Please refer to the 
applicable agreement for further details.



+-------------------------------------------------------------------------+
; Flow Summary                                                            ;
+-------------------------------+-----------------------------------------+
; Flow Status                   ; Successful - Mon May 13 06:20:02 2019   ;
; Quartus II Version            ; 9.1 Build 222 10/21/2009 SJ Web Edition ;
; Revision Name                 ; CourseWork                              ;
; Top-level Entity Name         ; TestingBlock                            ;
; Family                        ; Stratix II                              ;
; Met timing requirements       ; No                                      ;
; Logic utilization             ; 9 %                                     ;
;     Combinational ALUTs       ; 658 / 12,480 ( 5 % )                    ;
;     Dedicated logic registers ; 611 / 12,480 ( 5 % )                    ;
; Total registers               ; 611                                     ;
; Total pins                    ; 123 / 343 ( 36 % )                      ;
; Total virtual pins            ; 0                                       ;
; Total block memory bits       ; 221,184 / 419,328 ( 53 % )              ;
; DSP block 9-bit elements      ; 0 / 96 ( 0 % )                          ;
; Total PLLs                    ; 0 / 6 ( 0 % )                           ;
; Total DLLs                    ; 0 / 2 ( 0 % )                           ;
; Device                        ; EP2S15F484C3                            ;
; Timing Models                 ; Final                                   ;
+-------------------------------+-----------------------------------------+


+-----------------------------------------+
; Flow Settings                           ;
+-------------------+---------------------+
; Option            ; Setting             ;
+-------------------+---------------------+
; Start date & time ; 05/13/2019 06:19:24 ;
; Main task         ; Compilation         ;
; Revision Name     ; CourseWork          ;
+-------------------+---------------------+


+---------------------------------------------------------------------------------------------------------------------+
; Flow Non-Default Global Settings                                                                                    ;
+------------------------------------+--------------------------------+---------------+--------------+----------------+
; Assignment Name                    ; Value                          ; Default Value ; Entity Name  ; Section Id     ;
+------------------------------------+--------------------------------+---------------+--------------+----------------+
; COMPILER_SIGNATURE_ID              ; 31032333460261.155771756413496 ; --            ; --           ; --             ;
; IP_TOOL_NAME                       ; LPM_RAM_DQ                     ; --            ; --           ; --             ;
; IP_TOOL_NAME                       ; LPM_ROM                        ; --            ; --           ; --             ;
; IP_TOOL_NAME                       ; LPM_BUSTRI                     ; --            ; --           ; --             ;
; IP_TOOL_NAME                       ; LPM_BUSTRI                     ; --            ; --           ; --             ;
; IP_TOOL_NAME                       ; LPM_BUSTRI                     ; --            ; --           ; --             ;
; IP_TOOL_NAME                       ; LPM_DECODE                     ; --            ; --           ; --             ;
; IP_TOOL_NAME                       ; LPM_FF                         ; --            ; --           ; --             ;
; IP_TOOL_NAME                       ; LPM_DECODE                     ; --            ; --           ; --             ;
; IP_TOOL_NAME                       ; LPM_COUNTER                    ; --            ; --           ; --             ;
; IP_TOOL_NAME                       ; LPM_MUX                        ; --            ; --           ; --             ;
; IP_TOOL_NAME                       ; LPM_COMPARE                    ; --            ; --           ; --             ;
; IP_TOOL_NAME                       ; LPM_COMPARE                    ; --            ; --           ; --             ;
; IP_TOOL_NAME                       ; LPM_ADD_SUB                    ; --            ; --           ; --             ;
; IP_TOOL_NAME                       ; LPM_INV                        ; --            ; --           ; --             ;
; IP_TOOL_NAME                       ; LPM_DECODE                     ; --            ; --           ; --             ;
; IP_TOOL_NAME                       ; LPM_CLSHIFT                    ; --            ; --           ; --             ;
; IP_TOOL_NAME                       ; LPM_MUX                        ; --            ; --           ; --             ;
; IP_TOOL_NAME                       ; LPM_FF                         ; --            ; --           ; --             ;
; IP_TOOL_NAME                       ; LPM_COUNTER                    ; --            ; --           ; --             ;
; IP_TOOL_NAME                       ; LPM_FF                         ; --            ; --           ; --             ;
; IP_TOOL_NAME                       ; LPM_DECODE                     ; --            ; --           ; --             ;
; IP_TOOL_NAME                       ; LPM_DECODE                     ; --            ; --           ; --             ;
; IP_TOOL_NAME                       ; LPM_FF                         ; --            ; --           ; --             ;
; IP_TOOL_NAME                       ; LPM_COMPARE                    ; --            ; --           ; --             ;
; IP_TOOL_NAME                       ; LPM_COUNTER                    ; --            ; --           ; --             ;
; IP_TOOL_NAME                       ; LPM_COMPARE                    ; --            ; --           ; --             ;
; IP_TOOL_NAME                       ; LPM_COMPARE                    ; --            ; --           ; --             ;
; IP_TOOL_NAME                       ; LPM_COUNTER                    ; --            ; --           ; --             ;
; IP_TOOL_NAME                       ; LPM_FF                         ; --            ; --           ; --             ;
; IP_TOOL_NAME                       ; LPM_COUNTER                    ; --            ; --           ; --             ;
; IP_TOOL_NAME                       ; LPM_COUNTER                    ; --            ; --           ; --             ;
; IP_TOOL_NAME                       ; LPM_DECODE                     ; --            ; --           ; --             ;
; IP_TOOL_NAME                       ; LPM_DECODE                     ; --            ; --           ; --             ;
; IP_TOOL_NAME                       ; LPM_DECODE                     ; --            ; --           ; --             ;
; IP_TOOL_NAME                       ; LPM_BUSTRI                     ; --            ; --           ; --             ;
; IP_TOOL_NAME                       ; LPM_DECODE                     ; --            ; --           ; --             ;
; IP_TOOL_NAME                       ; LPM_DECODE                     ; --            ; --           ; --             ;
; IP_TOOL_VERSION                    ; 9.1                            ; --            ; --           ; --             ;
; IP_TOOL_VERSION                    ; 9.1                            ; --            ; --           ; --             ;
; IP_TOOL_VERSION                    ; 9.1                            ; --            ; --           ; --             ;
; IP_TOOL_VERSION                    ; 9.1                            ; --            ; --           ; --             ;
; IP_TOOL_VERSION                    ; 9.1                            ; --            ; --           ; --             ;
; IP_TOOL_VERSION                    ; 9.1                            ; --            ; --           ; --             ;
; IP_TOOL_VERSION                    ; 9.1                            ; --            ; --           ; --             ;
; IP_TOOL_VERSION                    ; 9.1                            ; --            ; --           ; --             ;
; IP_TOOL_VERSION                    ; 9.1                            ; --            ; --           ; --             ;
; IP_TOOL_VERSION                    ; 9.1                            ; --            ; --           ; --             ;
; IP_TOOL_VERSION                    ; 9.1                            ; --            ; --           ; --             ;
; IP_TOOL_VERSION                    ; 9.1                            ; --            ; --           ; --             ;
; IP_TOOL_VERSION                    ; 9.1                            ; --            ; --           ; --             ;
; IP_TOOL_VERSION                    ; 9.1                            ; --            ; --           ; --             ;
; IP_TOOL_VERSION                    ; 9.1                            ; --            ; --           ; --             ;
; IP_TOOL_VERSION                    ; 9.1                            ; --            ; --           ; --             ;
; IP_TOOL_VERSION                    ; 9.1                            ; --            ; --           ; --             ;
; IP_TOOL_VERSION                    ; 9.1                            ; --            ; --           ; --             ;
; IP_TOOL_VERSION                    ; 9.1                            ; --            ; --           ; --             ;
; IP_TOOL_VERSION                    ; 9.1                            ; --            ; --           ; --             ;
; IP_TOOL_VERSION                    ; 9.1                            ; --            ; --           ; --             ;
; IP_TOOL_VERSION                    ; 9.1                            ; --            ; --           ; --             ;
; IP_TOOL_VERSION                    ; 9.1                            ; --            ; --           ; --             ;
; IP_TOOL_VERSION                    ; 9.1                            ; --            ; --           ; --             ;
; IP_TOOL_VERSION                    ; 9.1                            ; --            ; --           ; --             ;
; IP_TOOL_VERSION                    ; 9.1                            ; --            ; --           ; --             ;
; IP_TOOL_VERSION                    ; 9.1                            ; --            ; --           ; --             ;
; IP_TOOL_VERSION                    ; 9.1                            ; --            ; --           ; --             ;
; IP_TOOL_VERSION                    ; 9.1                            ; --            ; --           ; --             ;
; IP_TOOL_VERSION                    ; 9.1                            ; --            ; --           ; --             ;
; IP_TOOL_VERSION                    ; 9.1                            ; --            ; --           ; --             ;
; IP_TOOL_VERSION                    ; 9.1                            ; --            ; --           ; --             ;
; IP_TOOL_VERSION                    ; 9.1                            ; --            ; --           ; --             ;
; IP_TOOL_VERSION                    ; 9.1                            ; --            ; --           ; --             ;
; IP_TOOL_VERSION                    ; 9.1                            ; --            ; --           ; --             ;
; IP_TOOL_VERSION                    ; 9.1                            ; --            ; --           ; --             ;
; IP_TOOL_VERSION                    ; 9.1                            ; --            ; --           ; --             ;
; MISC_FILE                          ; lpm_ram_dq0.bsf                ; --            ; --           ; --             ;
; MISC_FILE                          ; lpm_ram_dq0.cmp                ; --            ; --           ; --             ;
; MISC_FILE                          ; lpm_rom0.bsf                   ; --            ; --           ; --             ;
; MISC_FILE                          ; lpm_rom0.cmp                   ; --            ; --           ; --             ;
; MISC_FILE                          ; lpm_bustri0.bsf                ; --            ; --           ; --             ;
; MISC_FILE                          ; lpm_bustri0.cmp                ; --            ; --           ; --             ;
; MISC_FILE                          ; lpm_bustri1.bsf                ; --            ; --           ; --             ;
; MISC_FILE                          ; lpm_bustri1.cmp                ; --            ; --           ; --             ;
; MISC_FILE                          ; lpm_bustri2.bsf                ; --            ; --           ; --             ;
; MISC_FILE                          ; lpm_bustri2.cmp                ; --            ; --           ; --             ;
; MISC_FILE                          ; lpm_decode0.bsf                ; --            ; --           ; --             ;
; MISC_FILE                          ; lpm_decode0.cmp                ; --            ; --           ; --             ;
; MISC_FILE                          ; lpm_dff0.bsf                   ; --            ; --           ; --             ;
; MISC_FILE                          ; lpm_dff0.cmp                   ; --            ; --           ; --             ;
; MISC_FILE                          ; lpm_decode1.bsf                ; --            ; --           ; --             ;
; MISC_FILE                          ; lpm_decode1.cmp                ; --            ; --           ; --             ;
; MISC_FILE                          ; lpm_counter0.bsf               ; --            ; --           ; --             ;
; MISC_FILE                          ; lpm_counter0.cmp               ; --            ; --           ; --             ;
; MISC_FILE                          ; lpm_mux0.bsf                   ; --            ; --           ; --             ;
; MISC_FILE                          ; lpm_mux0.cmp                   ; --            ; --           ; --             ;
; MISC_FILE                          ; lpm_compare0.bsf               ; --            ; --           ; --             ;
; MISC_FILE                          ; lpm_compare0.cmp               ; --            ; --           ; --             ;
; MISC_FILE                          ; lpm_compare1.bsf               ; --            ; --           ; --             ;
; MISC_FILE                          ; lpm_compare1.cmp               ; --            ; --           ; --             ;
; MISC_FILE                          ; lpm_add_sub0.bsf               ; --            ; --           ; --             ;
; MISC_FILE                          ; lpm_add_sub0.cmp               ; --            ; --           ; --             ;
; MISC_FILE                          ; lpm_inv0.bsf                   ; --            ; --           ; --             ;
; MISC_FILE                          ; lpm_inv0.cmp                   ; --            ; --           ; --             ;
; MISC_FILE                          ; lpm_decode2.bsf                ; --            ; --           ; --             ;
; MISC_FILE                          ; lpm_decode2.cmp                ; --            ; --           ; --             ;
; MISC_FILE                          ; lpm_clshift0.bsf               ; --            ; --           ; --             ;
; MISC_FILE                          ; lpm_clshift0.cmp               ; --            ; --           ; --             ;
; MISC_FILE                          ; lpm_mux1.bsf                   ; --            ; --           ; --             ;
; MISC_FILE                          ; lpm_mux1.cmp                   ; --            ; --           ; --             ;
; MISC_FILE                          ; lpm_dff1.bsf                   ; --            ; --           ; --             ;
; MISC_FILE                          ; lpm_dff1.cmp                   ; --            ; --           ; --             ;
; MISC_FILE                          ; lpm_counter1.bsf               ; --            ; --           ; --             ;
; MISC_FILE                          ; lpm_counter1.cmp               ; --            ; --           ; --             ;
; MISC_FILE                          ; lpm_dff2.bsf                   ; --            ; --           ; --             ;
; MISC_FILE                          ; lpm_dff2.cmp                   ; --            ; --           ; --             ;
; MISC_FILE                          ; lpm_decode3.bsf                ; --            ; --           ; --             ;
; MISC_FILE                          ; lpm_decode3.cmp                ; --            ; --           ; --             ;
; MISC_FILE                          ; lpm_decode4.bsf                ; --            ; --           ; --             ;
; MISC_FILE                          ; lpm_decode4.cmp                ; --            ; --           ; --             ;
; MISC_FILE                          ; lpm_dff3.bsf                   ; --            ; --           ; --             ;
; MISC_FILE                          ; lpm_dff3.cmp                   ; --            ; --           ; --             ;
; MISC_FILE                          ; lpm_compare2.bsf               ; --            ; --           ; --             ;
; MISC_FILE                          ; lpm_compare2.cmp               ; --            ; --           ; --             ;
; MISC_FILE                          ; lpm_counter2.bsf               ; --            ; --           ; --             ;
; MISC_FILE                          ; lpm_counter2.cmp               ; --            ; --           ; --             ;
; MISC_FILE                          ; lpm_compare3.bsf               ; --            ; --           ; --             ;
; MISC_FILE                          ; lpm_compare3.cmp               ; --            ; --           ; --             ;
; MISC_FILE                          ; lpm_compare4.bsf               ; --            ; --           ; --             ;
; MISC_FILE                          ; lpm_compare4.cmp               ; --            ; --           ; --             ;
; MISC_FILE                          ; lpm_counter3.bsf               ; --            ; --           ; --             ;
; MISC_FILE                          ; lpm_counter3.cmp               ; --            ; --           ; --             ;
; MISC_FILE                          ; lpm_dff4.bsf                   ; --            ; --           ; --             ;
; MISC_FILE                          ; lpm_dff4.cmp                   ; --            ; --           ; --             ;
; MISC_FILE                          ; lpm_counter4.bsf               ; --            ; --           ; --             ;
; MISC_FILE                          ; lpm_counter4.cmp               ; --            ; --           ; --             ;
; MISC_FILE                          ; lpm_counter5.bsf               ; --            ; --           ; --             ;
; MISC_FILE                          ; lpm_counter5.cmp               ; --            ; --           ; --             ;
; MISC_FILE                          ; lpm_decode5.tdf                ; --            ; --           ; --             ;
; MISC_FILE                          ; lpm_decode5.bsf                ; --            ; --           ; --             ;
; MISC_FILE                          ; lpm_decode5.cmp                ; --            ; --           ; --             ;
; MISC_FILE                          ; lpm_decode6.bsf                ; --            ; --           ; --             ;
; MISC_FILE                          ; lpm_decode6.cmp                ; --            ; --           ; --             ;
; MISC_FILE                          ; lpm_decode7.bsf                ; --            ; --           ; --             ;
; MISC_FILE                          ; lpm_decode7.cmp                ; --            ; --           ; --             ;
; MISC_FILE                          ; lpm_bustri3.bsf                ; --            ; --           ; --             ;
; MISC_FILE                          ; lpm_bustri3.cmp                ; --            ; --           ; --             ;
; MISC_FILE                          ; lpm_decode8.bsf                ; --            ; --           ; --             ;
; MISC_FILE                          ; lpm_decode8.cmp                ; --            ; --           ; --             ;
; MISC_FILE                          ; lpm_decode9.bsf                ; --            ; --           ; --             ;
; MISC_FILE                          ; lpm_decode9.cmp                ; --            ; --           ; --             ;
; PARTITION_COLOR                    ; 16764057                       ; --            ; TestingBlock ; Top            ;
; PARTITION_NETLIST_TYPE             ; SOURCE                         ; --            ; TestingBlock ; Top            ;
; TOP_LEVEL_ENTITY                   ; TestingBlock                   ; CourseWork    ; --           ; --             ;
; USE_GENERATED_PHYSICAL_CONSTRAINTS ; Off                            ; --            ; --           ; eda_blast_fpga ;
+------------------------------------+--------------------------------+---------------+--------------+----------------+


+-----------------------------------------------------------------------------------------------------------------------------+
; Flow Elapsed Time                                                                                                           ;
+-------------------------+--------------+-------------------------+---------------------+------------------------------------+
; Module Name             ; Elapsed Time ; Average Processors Used ; Peak Virtual Memory ; Total CPU Time (on all processors) ;
+-------------------------+--------------+-------------------------+---------------------+------------------------------------+
; Analysis & Synthesis    ; 00:00:14     ; 1.0                     ; 284 MB              ; 00:00:19                           ;
; Fitter                  ; 00:00:13     ; 1.0                     ; 285 MB              ; 00:00:14                           ;
; Assembler               ; 00:00:03     ; 1.0                     ; 251 MB              ; 00:00:03                           ;
; Classic Timing Analyzer ; 00:00:02     ; 1.0                     ; 190 MB              ; 00:00:03                           ;
; Total                   ; 00:00:32     ; --                      ; --                  ; 00:00:39                           ;
+-------------------------+--------------+-------------------------+---------------------+------------------------------------+


+------------------------------------------------------------------------------------------+
; Flow OS Summary                                                                          ;
+-------------------------+------------------+---------------+------------+----------------+
; Module Name             ; Machine Hostname ; OS Name       ; OS Version ; Processor type ;
+-------------------------+------------------+---------------+------------+----------------+
; Analysis & Synthesis    ; DESKTOP-MNNJVDE  ; Windows Vista ; 6.2        ; x86_64         ;
; Fitter                  ; DESKTOP-MNNJVDE  ; Windows Vista ; 6.2        ; x86_64         ;
; Assembler               ; DESKTOP-MNNJVDE  ; Windows Vista ; 6.2        ; x86_64         ;
; Classic Timing Analyzer ; DESKTOP-MNNJVDE  ; Windows Vista ; 6.2        ; x86_64         ;
+-------------------------+------------------+---------------+------------+----------------+


------------
; Flow Log ;
------------
quartus_map --read_settings_files=on --write_settings_files=off CourseWork -c CourseWork
quartus_fit --read_settings_files=off --write_settings_files=off CourseWork -c CourseWork
quartus_asm --read_settings_files=off --write_settings_files=off CourseWork -c CourseWork
quartus_tan --read_settings_files=off --write_settings_files=off CourseWork -c CourseWork --timing_analysis_only



